<?xml version="1.0" encoding="UTF-8"?>
<!-- Generated by org.testng.reporters.JUnitReportReporter -->
<testsuite hostname="kocherla-iMac.local" failures="0" tests="1" name="testcases.LoginTestScenario" time="2.076" errors="0" timestamp="2022-03-19T13:51:09 IST" skipped="0">
  <testcase classname="testcases.LoginTestScenario" name="checkTheUIOfLoginPage" time="2.076"/>
  <system-out/>
</testsuite> <!-- testcases.LoginTestScenario -->
